<?xml version="1.0" encoding="UTF-8"?>
<!-- Generated by org.testng.reporters.JUnitReportReporter -->
<testsuite hostname="Sarvesh" name="QualiAssign.Project_automation.example" tests="1" failures="0" timestamp="2 Dec 2021 11:19:45 GMT" time="0.051" errors="0">
  <testcase name="sar" time="0.051" classname="QualiAssign.Project_automation.example"/>
</testsuite> <!-- QualiAssign.Project_automation.example -->
