<?xml version="1.0" encoding="UTF-8"?>
<!-- Generated by org.testng.reporters.JUnitReportReporter -->
<testsuite hostname="Sarvesh" name="QualiAssign.Project_automation.Receiver_MailTest" tests="1" failures="0" timestamp="3 Dec 2021 10:49:27 GMT" time="55.788" errors="0">
  <testcase name="send_mail" time="55.788" classname="QualiAssign.Project_automation.Receiver_MailTest"/>
</testsuite> <!-- QualiAssign.Project_automation.Receiver_MailTest -->
