<?xml version="1.0" encoding="UTF-8"?>
<!-- Generated by org.testng.reporters.JUnitReportReporter -->
<testsuite hostname="Sarvesh" name="QualiAssign.Project_automation.Sender_MailTest" tests="1" failures="0" timestamp="3 Dec 2021 12:52:03 GMT" time="69.066" errors="0">
  <testcase name="send_mail" time="69.066" classname="QualiAssign.Project_automation.Sender_MailTest"/>
</testsuite> <!-- QualiAssign.Project_automation.Sender_MailTest -->
